<?xml version="1.0" encoding="UTF-8"?>
<testng-results ignored="0" total="5" passed="1" failed="4" skipped="0">
  <reporter-output>
  </reporter-output>
  <suite started-at="2023-10-01T18:07:52 IST" name="Default suite" finished-at="2023-10-01T18:09:14 IST" duration-ms="82398">
    <groups>
      <group name="smoketesting">
        <method signature="TrelloBoards.trelloHomePageCheck()[pri:1, instance:com.trello.testcases.TrelloBoards@3a44431a]" name="trelloHomePageCheck" class="com.trello.testcases.TrelloBoards"/>
        <method signature="TrelloBoards.trelloLoginPageCheck()[pri:2, instance:com.trello.testcases.TrelloBoards@3a44431a]" name="trelloLoginPageCheck" class="com.trello.testcases.TrelloBoards"/>
      </group> <!-- smoketesting -->
      <group name="systemtesting">
        <method signature="TrelloBoards.trelloBoardPageCheck()[pri:3, instance:com.trello.testcases.TrelloBoards@3a44431a]" name="trelloBoardPageCheck" class="com.trello.testcases.TrelloBoards"/>
        <method signature="TrelloBoards.trelloCreateAndDeleteBoard()[pri:4, instance:com.trello.testcases.TrelloBoards@3a44431a]" name="trelloCreateAndDeleteBoard" class="com.trello.testcases.TrelloBoards"/>
        <method signature="TrelloBoards.trelloCreateMultipleListAndSwapInCreatedBoard()[pri:5, instance:com.trello.testcases.TrelloBoards@3a44431a]" name="trelloCreateMultipleListAndSwapInCreatedBoard" class="com.trello.testcases.TrelloBoards"/>
      </group> <!-- systemtesting -->
    </groups>
    <test started-at="2023-10-01T18:07:52 IST" name="Default test" finished-at="2023-10-01T18:09:14 IST" duration-ms="82398">
      <class name="com.trello.testcases.TrelloBoards">
        <test-method is-config="true" signature="configBeforemethod()[pri:0, instance:com.trello.testcases.TrelloBoards@3a44431a]" started-at="2023-10-01T18:07:52 IST" name="configBeforemethod" finished-at="2023-10-01T18:07:56 IST" duration-ms="4391" status="PASS">
          <reporter-output>
          </reporter-output>
        </test-method> <!-- configBeforemethod -->
        <test-method signature="trelloHomePageCheck()[pri:1, instance:com.trello.testcases.TrelloBoards@3a44431a]" started-at="2023-10-01T18:07:56 IST" name="trelloHomePageCheck" finished-at="2023-10-01T18:07:57 IST" duration-ms="1225" status="PASS">
          <reporter-output>
          </reporter-output>
        </test-method> <!-- trelloHomePageCheck -->
        <test-method is-config="true" signature="configAfterMethod()[pri:0, instance:com.trello.testcases.TrelloBoards@3a44431a]" started-at="2023-10-01T18:07:57 IST" name="configAfterMethod" finished-at="2023-10-01T18:07:58 IST" duration-ms="482" status="PASS">
          <reporter-output>
          </reporter-output>
        </test-method> <!-- configAfterMethod -->
        <test-method is-config="true" signature="configBeforemethod()[pri:0, instance:com.trello.testcases.TrelloBoards@3a44431a]" started-at="2023-10-01T18:07:58 IST" name="configBeforemethod" finished-at="2023-10-01T18:08:01 IST" duration-ms="2686" status="PASS">
          <reporter-output>
          </reporter-output>
        </test-method> <!-- configBeforemethod -->
        <test-method signature="trelloLoginPageCheck()[pri:2, instance:com.trello.testcases.TrelloBoards@3a44431a]" started-at="2023-10-01T18:08:01 IST" name="trelloLoginPageCheck" finished-at="2023-10-01T18:08:03 IST" duration-ms="2255" status="FAIL">
          <exception class="java.lang.AssertionError">
            <message>
              <![CDATA[LoginPageUrl Tile Found Correct and It is Not Verified expected [Log in to Trello] but found [Log in with Atlassian account]]]>
            </message>
            <full-stacktrace>
              <![CDATA[java.lang.AssertionError: LoginPageUrl Tile Found Correct and It is Not Verified expected [Log in to Trello] but found [Log in with Atlassian account]
at org.testng.Assert.fail(Assert.java:99)
at org.testng.Assert.failNotEquals(Assert.java:1037)
at org.testng.Assert.assertEqualsImpl(Assert.java:140)
at org.testng.Assert.assertEquals(Assert.java:122)
at org.testng.Assert.assertEquals(Assert.java:629)
at com.trello.testcases.TrelloBoards.trelloLoginPageCheck(TrelloBoards.java:89)
at java.base/jdk.internal.reflect.NativeMethodAccessorImpl.invoke0(Native Method)
at java.base/jdk.internal.reflect.NativeMethodAccessorImpl.invoke(NativeMethodAccessorImpl.java:77)
at java.base/jdk.internal.reflect.DelegatingMethodAccessorImpl.invoke(DelegatingMethodAccessorImpl.java:43)
at java.base/java.lang.reflect.Method.invoke(Method.java:568)
at org.testng.internal.MethodInvocationHelper.invokeMethod(MethodInvocationHelper.java:133)
at org.testng.internal.TestInvoker.invokeMethod(TestInvoker.java:598)
at org.testng.internal.TestInvoker.invokeTestMethod(TestInvoker.java:173)
at org.testng.internal.MethodRunner.runInSequence(MethodRunner.java:46)
at org.testng.internal.TestInvoker$MethodInvocationAgent.invoke(TestInvoker.java:824)
at org.testng.internal.TestInvoker.invokeTestMethods(TestInvoker.java:146)
at org.testng.internal.TestMethodWorker.invokeTestMethods(TestMethodWorker.java:146)
at org.testng.internal.TestMethodWorker.run(TestMethodWorker.java:128)
at java.base/java.util.ArrayList.forEach(ArrayList.java:1511)
at org.testng.TestRunner.privateRun(TestRunner.java:794)
at org.testng.TestRunner.run(TestRunner.java:596)
at org.testng.SuiteRunner.runTest(SuiteRunner.java:377)
at org.testng.SuiteRunner.runSequentially(SuiteRunner.java:371)
at org.testng.SuiteRunner.privateRun(SuiteRunner.java:332)
at org.testng.SuiteRunner.run(SuiteRunner.java:276)
at org.testng.SuiteRunnerWorker.runSuite(SuiteRunnerWorker.java:53)
at org.testng.SuiteRunnerWorker.run(SuiteRunnerWorker.java:96)
at org.testng.TestNG.runSuitesSequentially(TestNG.java:1212)
at org.testng.TestNG.runSuitesLocally(TestNG.java:1134)
at org.testng.TestNG.runSuites(TestNG.java:1063)
at org.testng.TestNG.run(TestNG.java:1031)
at org.testng.remote.AbstractRemoteTestNG.run(AbstractRemoteTestNG.java:115)
at org.testng.remote.RemoteTestNG.initAndRun(RemoteTestNG.java:251)
at org.testng.remote.RemoteTestNG.main(RemoteTestNG.java:77)
]]>
            </full-stacktrace>
          </exception> <!-- java.lang.AssertionError -->
          <reporter-output>
          </reporter-output>
        </test-method> <!-- trelloLoginPageCheck -->
        <test-method is-config="true" signature="configAfterMethod()[pri:0, instance:com.trello.testcases.TrelloBoards@3a44431a]" started-at="2023-10-01T18:08:03 IST" name="configAfterMethod" finished-at="2023-10-01T18:08:03 IST" duration-ms="470" status="PASS">
          <reporter-output>
          </reporter-output>
        </test-method> <!-- configAfterMethod -->
        <test-method is-config="true" signature="configBeforemethod()[pri:0, instance:com.trello.testcases.TrelloBoards@3a44431a]" started-at="2023-10-01T18:08:03 IST" name="configBeforemethod" finished-at="2023-10-01T18:08:06 IST" duration-ms="2942" status="PASS">
          <reporter-output>
          </reporter-output>
        </test-method> <!-- configBeforemethod -->
        <test-method signature="trelloBoardPageCheck()[pri:3, instance:com.trello.testcases.TrelloBoards@3a44431a]" started-at="2023-10-01T18:08:06 IST" name="trelloBoardPageCheck" finished-at="2023-10-01T18:08:59 IST" duration-ms="52354" status="FAIL">
          <exception class="org.openqa.selenium.TimeoutException">
            <message>
              <![CDATA[Expected condition failed: waiting for title to contain "Log in to Trello". Current title: "Log in to continue - Log in with Atlassian account" (tried for 50 second(s) with 500 milliseconds interval)
Build info: version: '4.12.1', revision: '8e34639b11'
System info: os.name: 'Windows 11', os.arch: 'amd64', os.version: '10.0', java.version: '17.0.8.1'
Driver info: org.openqa.selenium.chrome.ChromeDriver
Capabilities {acceptInsecureCerts: false, browserName: chrome, browserVersion: 117.0.5938.132, chrome: {chromedriverVersion: 117.0.5938.92 (67649b10b92b..., userDataDir: C:\Users\arpan\AppData\Loca...}, fedcm:accounts: true, goog:chromeOptions: {debuggerAddress: localhost:55314}, networkConnectionEnabled: false, pageLoadStrategy: normal, platformName: windows, proxy: Proxy(), se:cdp: ws://localhost:55314/devtoo..., se:cdpVersion: 117.0.5938.132, setWindowRect: true, strictFileInteractability: false, timeouts: {implicit: 0, pageLoad: 300000, script: 30000}, unhandledPromptBehavior: dismiss and notify, webauthn:extension:credBlob: true, webauthn:extension:largeBlob: true, webauthn:extension:minPinLength: true, webauthn:extension:prf: true, webauthn:virtualAuthenticators: true}
Session ID: c86e211a22d587f11cd81b01bdb1b1b2]]>
            </message>
            <full-stacktrace>
              <![CDATA[org.openqa.selenium.TimeoutException: Expected condition failed: waiting for title to contain "Log in to Trello". Current title: "Log in to continue - Log in with Atlassian account" (tried for 50 second(s) with 500 milliseconds interval)
Build info: version: '4.12.1', revision: '8e34639b11'
System info: os.name: 'Windows 11', os.arch: 'amd64', os.version: '10.0', java.version: '17.0.8.1'
Driver info: org.openqa.selenium.chrome.ChromeDriver
Capabilities {acceptInsecureCerts: false, browserName: chrome, browserVersion: 117.0.5938.132, chrome: {chromedriverVersion: 117.0.5938.92 (67649b10b92b..., userDataDir: C:\Users\arpan\AppData\Loca...}, fedcm:accounts: true, goog:chromeOptions: {debuggerAddress: localhost:55314}, networkConnectionEnabled: false, pageLoadStrategy: normal, platformName: windows, proxy: Proxy(), se:cdp: ws://localhost:55314/devtoo..., se:cdpVersion: 117.0.5938.132, setWindowRect: true, strictFileInteractability: false, timeouts: {implicit: 0, pageLoad: 300000, script: 30000}, unhandledPromptBehavior: dismiss and notify, webauthn:extension:credBlob: true, webauthn:extension:largeBlob: true, webauthn:extension:minPinLength: true, webauthn:extension:prf: true, webauthn:virtualAuthenticators: true}
Session ID: c86e211a22d587f11cd81b01bdb1b1b2
at org.openqa.selenium.support.ui.WebDriverWait.timeoutException(WebDriverWait.java:84)
at org.openqa.selenium.support.ui.FluentWait.until(FluentWait.java:230)
at com.trello.genericutility.WebdriverUtility.explicitWaitForPartialTitle(WebdriverUtility.java:34)
at com.trello.testcases.TrelloBoards.trelloBoardPageCheck(TrelloBoards.java:26)
at java.base/jdk.internal.reflect.NativeMethodAccessorImpl.invoke0(Native Method)
at java.base/jdk.internal.reflect.NativeMethodAccessorImpl.invoke(NativeMethodAccessorImpl.java:77)
at java.base/jdk.internal.reflect.DelegatingMethodAccessorImpl.invoke(DelegatingMethodAccessorImpl.java:43)
at java.base/java.lang.reflect.Method.invoke(Method.java:568)
at org.testng.internal.MethodInvocationHelper.invokeMethod(MethodInvocationHelper.java:133)
at org.testng.internal.TestInvoker.invokeMethod(TestInvoker.java:598)
at org.testng.internal.TestInvoker.invokeTestMethod(TestInvoker.java:173)
at org.testng.internal.MethodRunner.runInSequence(MethodRunner.java:46)
at org.testng.internal.TestInvoker$MethodInvocationAgent.invoke(TestInvoker.java:824)
at org.testng.internal.TestInvoker.invokeTestMethods(TestInvoker.java:146)
at org.testng.internal.TestMethodWorker.invokeTestMethods(TestMethodWorker.java:146)
at org.testng.internal.TestMethodWorker.run(TestMethodWorker.java:128)
at java.base/java.util.ArrayList.forEach(ArrayList.java:1511)
at org.testng.TestRunner.privateRun(TestRunner.java:794)
at org.testng.TestRunner.run(TestRunner.java:596)
at org.testng.SuiteRunner.runTest(SuiteRunner.java:377)
at org.testng.SuiteRunner.runSequentially(SuiteRunner.java:371)
at org.testng.SuiteRunner.privateRun(SuiteRunner.java:332)
at org.testng.SuiteRunner.run(SuiteRunner.java:276)
at org.testng.SuiteRunnerWorker.runSuite(SuiteRunnerWorker.java:53)
at org.testng.SuiteRunnerWorker.run(SuiteRunnerWorker.java:96)
at org.testng.TestNG.runSuitesSequentially(TestNG.java:1212)
at org.testng.TestNG.runSuitesLocally(TestNG.java:1134)
at org.testng.TestNG.runSuites(TestNG.java:1063)
at org.testng.TestNG.run(TestNG.java:1031)
at org.testng.remote.AbstractRemoteTestNG.run(AbstractRemoteTestNG.java:115)
at org.testng.remote.RemoteTestNG.initAndRun(RemoteTestNG.java:251)
at org.testng.remote.RemoteTestNG.main(RemoteTestNG.java:77)
]]>
            </full-stacktrace>
          </exception> <!-- org.openqa.selenium.TimeoutException -->
          <reporter-output>
          </reporter-output>
        </test-method> <!-- trelloBoardPageCheck -->
        <test-method is-config="true" signature="configAfterMethod()[pri:0, instance:com.trello.testcases.TrelloBoards@3a44431a]" started-at="2023-10-01T18:08:59 IST" name="configAfterMethod" finished-at="2023-10-01T18:08:59 IST" duration-ms="503" status="PASS">
          <reporter-output>
          </reporter-output>
        </test-method> <!-- configAfterMethod -->
        <test-method is-config="true" signature="configBeforemethod()[pri:0, instance:com.trello.testcases.TrelloBoards@3a44431a]" started-at="2023-10-01T18:08:59 IST" name="configBeforemethod" finished-at="2023-10-01T18:09:05 IST" duration-ms="6183" status="PASS">
          <reporter-output>
          </reporter-output>
        </test-method> <!-- configBeforemethod -->
        <test-method signature="trelloCreateAndDeleteBoard()[pri:4, instance:com.trello.testcases.TrelloBoards@3a44431a]" started-at="2023-10-01T18:09:05 IST" name="trelloCreateAndDeleteBoard" finished-at="2023-10-01T18:09:08 IST" duration-ms="2537" status="FAIL">
          <exception class="java.lang.AssertionError">
            <message>
              <![CDATA[LoginPageUrl Tile Found Correct and It is Not Verified expected [Log in to Trello] but found [Log in with Atlassian account]]]>
            </message>
            <full-stacktrace>
              <![CDATA[java.lang.AssertionError: LoginPageUrl Tile Found Correct and It is Not Verified expected [Log in to Trello] but found [Log in with Atlassian account]
at org.testng.Assert.fail(Assert.java:99)
at org.testng.Assert.failNotEquals(Assert.java:1037)
at org.testng.Assert.assertEqualsImpl(Assert.java:140)
at org.testng.Assert.assertEquals(Assert.java:122)
at org.testng.Assert.assertEquals(Assert.java:629)
at com.trello.testcases.TrelloBoards.trelloCreateAndDeleteBoard(TrelloBoards.java:116)
at java.base/jdk.internal.reflect.NativeMethodAccessorImpl.invoke0(Native Method)
at java.base/jdk.internal.reflect.NativeMethodAccessorImpl.invoke(NativeMethodAccessorImpl.java:77)
at java.base/jdk.internal.reflect.DelegatingMethodAccessorImpl.invoke(DelegatingMethodAccessorImpl.java:43)
at java.base/java.lang.reflect.Method.invoke(Method.java:568)
at org.testng.internal.MethodInvocationHelper.invokeMethod(MethodInvocationHelper.java:133)
at org.testng.internal.TestInvoker.invokeMethod(TestInvoker.java:598)
at org.testng.internal.TestInvoker.invokeTestMethod(TestInvoker.java:173)
at org.testng.internal.MethodRunner.runInSequence(MethodRunner.java:46)
at org.testng.internal.TestInvoker$MethodInvocationAgent.invoke(TestInvoker.java:824)
at org.testng.internal.TestInvoker.invokeTestMethods(TestInvoker.java:146)
at org.testng.internal.TestMethodWorker.invokeTestMethods(TestMethodWorker.java:146)
at org.testng.internal.TestMethodWorker.run(TestMethodWorker.java:128)
at java.base/java.util.ArrayList.forEach(ArrayList.java:1511)
at org.testng.TestRunner.privateRun(TestRunner.java:794)
at org.testng.TestRunner.run(TestRunner.java:596)
at org.testng.SuiteRunner.runTest(SuiteRunner.java:377)
at org.testng.SuiteRunner.runSequentially(SuiteRunner.java:371)
at org.testng.SuiteRunner.privateRun(SuiteRunner.java:332)
at org.testng.SuiteRunner.run(SuiteRunner.java:276)
at org.testng.SuiteRunnerWorker.runSuite(SuiteRunnerWorker.java:53)
at org.testng.SuiteRunnerWorker.run(SuiteRunnerWorker.java:96)
at org.testng.TestNG.runSuitesSequentially(TestNG.java:1212)
at org.testng.TestNG.runSuitesLocally(TestNG.java:1134)
at org.testng.TestNG.runSuites(TestNG.java:1063)
at org.testng.TestNG.run(TestNG.java:1031)
at org.testng.remote.AbstractRemoteTestNG.run(AbstractRemoteTestNG.java:115)
at org.testng.remote.RemoteTestNG.initAndRun(RemoteTestNG.java:251)
at org.testng.remote.RemoteTestNG.main(RemoteTestNG.java:77)
]]>
            </full-stacktrace>
          </exception> <!-- java.lang.AssertionError -->
          <reporter-output>
          </reporter-output>
        </test-method> <!-- trelloCreateAndDeleteBoard -->
        <test-method is-config="true" signature="configAfterMethod()[pri:0, instance:com.trello.testcases.TrelloBoards@3a44431a]" started-at="2023-10-01T18:09:08 IST" name="configAfterMethod" finished-at="2023-10-01T18:09:08 IST" duration-ms="494" status="PASS">
          <reporter-output>
          </reporter-output>
        </test-method> <!-- configAfterMethod -->
        <test-method is-config="true" signature="configBeforemethod()[pri:0, instance:com.trello.testcases.TrelloBoards@3a44431a]" started-at="2023-10-01T18:09:08 IST" name="configBeforemethod" finished-at="2023-10-01T18:09:12 IST" duration-ms="3773" status="PASS">
          <reporter-output>
          </reporter-output>
        </test-method> <!-- configBeforemethod -->
        <test-method signature="trelloCreateMultipleListAndSwapInCreatedBoard()[pri:5, instance:com.trello.testcases.TrelloBoards@3a44431a]" started-at="2023-10-01T18:09:12 IST" name="trelloCreateMultipleListAndSwapInCreatedBoard" finished-at="2023-10-01T18:09:14 IST" duration-ms="1489" status="FAIL">
          <exception class="java.lang.AssertionError">
            <message>
              <![CDATA[LoginPageUrl Tile Found Correct and It is Not Verified expected [Log in to Trello] but found [Log in with Atlassian account]]]>
            </message>
            <full-stacktrace>
              <![CDATA[java.lang.AssertionError: LoginPageUrl Tile Found Correct and It is Not Verified expected [Log in to Trello] but found [Log in with Atlassian account]
at org.testng.Assert.fail(Assert.java:99)
at org.testng.Assert.failNotEquals(Assert.java:1037)
at org.testng.Assert.assertEqualsImpl(Assert.java:140)
at org.testng.Assert.assertEquals(Assert.java:122)
at org.testng.Assert.assertEquals(Assert.java:629)
at com.trello.testcases.TrelloBoards.trelloCreateMultipleListAndSwapInCreatedBoard(TrelloBoards.java:199)
at java.base/jdk.internal.reflect.NativeMethodAccessorImpl.invoke0(Native Method)
at java.base/jdk.internal.reflect.NativeMethodAccessorImpl.invoke(NativeMethodAccessorImpl.java:77)
at java.base/jdk.internal.reflect.DelegatingMethodAccessorImpl.invoke(DelegatingMethodAccessorImpl.java:43)
at java.base/java.lang.reflect.Method.invoke(Method.java:568)
at org.testng.internal.MethodInvocationHelper.invokeMethod(MethodInvocationHelper.java:133)
at org.testng.internal.TestInvoker.invokeMethod(TestInvoker.java:598)
at org.testng.internal.TestInvoker.invokeTestMethod(TestInvoker.java:173)
at org.testng.internal.MethodRunner.runInSequence(MethodRunner.java:46)
at org.testng.internal.TestInvoker$MethodInvocationAgent.invoke(TestInvoker.java:824)
at org.testng.internal.TestInvoker.invokeTestMethods(TestInvoker.java:146)
at org.testng.internal.TestMethodWorker.invokeTestMethods(TestMethodWorker.java:146)
at org.testng.internal.TestMethodWorker.run(TestMethodWorker.java:128)
at java.base/java.util.ArrayList.forEach(ArrayList.java:1511)
at org.testng.TestRunner.privateRun(TestRunner.java:794)
at org.testng.TestRunner.run(TestRunner.java:596)
at org.testng.SuiteRunner.runTest(SuiteRunner.java:377)
at org.testng.SuiteRunner.runSequentially(SuiteRunner.java:371)
at org.testng.SuiteRunner.privateRun(SuiteRunner.java:332)
at org.testng.SuiteRunner.run(SuiteRunner.java:276)
at org.testng.SuiteRunnerWorker.runSuite(SuiteRunnerWorker.java:53)
at org.testng.SuiteRunnerWorker.run(SuiteRunnerWorker.java:96)
at org.testng.TestNG.runSuitesSequentially(TestNG.java:1212)
at org.testng.TestNG.runSuitesLocally(TestNG.java:1134)
at org.testng.TestNG.runSuites(TestNG.java:1063)
at org.testng.TestNG.run(TestNG.java:1031)
at org.testng.remote.AbstractRemoteTestNG.run(AbstractRemoteTestNG.java:115)
at org.testng.remote.RemoteTestNG.initAndRun(RemoteTestNG.java:251)
at org.testng.remote.RemoteTestNG.main(RemoteTestNG.java:77)
]]>
            </full-stacktrace>
          </exception> <!-- java.lang.AssertionError -->
          <reporter-output>
          </reporter-output>
        </test-method> <!-- trelloCreateMultipleListAndSwapInCreatedBoard -->
        <test-method is-config="true" signature="configAfterMethod()[pri:0, instance:com.trello.testcases.TrelloBoards@3a44431a]" started-at="2023-10-01T18:09:14 IST" name="configAfterMethod" finished-at="2023-10-01T18:09:14 IST" duration-ms="546" status="PASS">
          <reporter-output>
          </reporter-output>
        </test-method> <!-- configAfterMethod -->
      </class> <!-- com.trello.testcases.TrelloBoards -->
    </test> <!-- Default test -->
  </suite> <!-- Default suite -->
</testng-results>
